# JRE version: 7.0_17-b02
# Java VM: Java HotSpot(TM) Client VM (23.7-b01 mixed mode windows-x86 )
Heap
 def new generation   total 4928K, used 1996K [0x046d0000, 0x04c20000, 0x09c20000)
  eden space 4416K,  33% used [0x046d0000, 0x04843350, 0x04b20000)
  from space 512K, 100% used [0x04b20000, 0x04ba0000, 0x04ba0000)
  to   space 512K,   0% used [0x04ba0000, 0x04ba0000, 0x04c20000)
 tenured generation   total 10944K, used 734K [0x09c20000, 0x0a6d0000, 0x146d0000)
   the space 10944K,   6% used [0x09c20000, 0x09cd7b50, 0x09cd7c00, 0x0a6d0000)
 compacting perm gen  total 12288K, used 3447K [0x146d0000, 0x152d0000, 0x186d0000)
   the space 12288K,  28% used [0x146d0000, 0x14a2dd70, 0x14a2de00, 0x152d0000)
GC Heap History (4 events):
Event: 0.668 GC heap before
{Heap before GC invocations=0 (full 0):
 def new generation   total 4928K, used 4416K [0x046d0000, 0x04c20000, 0x09c20000)
  eden space 4416K, 100% used [0x046d0000, 0x04b20000, 0x04b20000)
  from space 512K,   0% used [0x04b20000, 0x04b20000, 0x04ba0000)
  to   space 512K,   0% used [0x04ba0000, 0x04ba0000, 0x04c20000)
 tenured generation   total 10944K, used 0K [0x09c20000, 0x0a6d0000, 0x146d0000)
   the space 10944K,   0% used [0x09c20000, 0x09c20000, 0x09c20200, 0x0a6d0000)
 compacting perm gen  total 12288K, used 2217K [0x146d0000, 0x152d0000, 0x186d0000)
   the space 12288K,  18% used [0x146d0000, 0x148fa7a8, 0x148fa800, 0x152d0000)
No shared spaces configured.
Event: 0.670 GC heap after
Heap after GC invocations=1 (full 0):
 def new generation   total 4928K, used 512K [0x046d0000, 0x04c20000, 0x09c20000)
  eden space 4416K,   0% used [0x046d0000, 0x046d0000, 0x04b20000)
  from space 512K, 100% used [0x04ba0000, 0x04c20000, 0x04c20000)
  to   space 512K,   0% used [0x04b20000, 0x04b20000, 0x04ba0000)
 tenured generation   total 10944K, used 52K [0x09c20000, 0x0a6d0000, 0x146d0000)
   the space 10944K,   0% used [0x09c20000, 0x09c2d3e0, 0x09c2d400, 0x0a6d0000)
 compacting perm gen  total 12288K, used 2217K [0x146d0000, 0x152d0000, 0x186d0000)
   the space 12288K,  18% used [0x146d0000, 0x148fa7a8, 0x148fa800, 0x152d0000)
No shared spaces configured.
}
Event: 0.848 GC heap before
{Heap before GC invocations=1 (full 0):
 def new generation   total 4928K, used 4928K [0x046d0000, 0x04c20000, 0x09c20000)
  eden space 4416K, 100% used [0x046d0000, 0x04b20000, 0x04b20000)
  from space 512K, 100% used [0x04ba0000, 0x04c20000, 0x04c20000)
  to   space 512K,   0% used [0x04b20000, 0x04b20000, 0x04ba0000)
 tenured generation   total 10944K, used 52K [0x09c20000, 0x0a6d0000, 0x146d0000)
   the space 10944K,   0% used [0x09c20000, 0x09c2d3e0, 0x09c2d400, 0x0a6d0000)
 compacting perm gen  total 12288K, used 3288K [0x146d0000, 0x152d0000, 0x186d0000)
   the space 12288K,  26% used [0x146d0000, 0x14a06360, 0x14a06400, 0x152d0000)
No shared spaces configured.
Event: 0.854 GC heap after
Heap after GC invocations=2 (full 0):
 def new generation   total 4928K, used 512K [0x046d0000, 0x04c20000, 0x09c20000)
  eden space 4416K,   0% used [0x046d0000, 0x046d0000, 0x04b20000)
  from space 512K, 100% used [0x04b20000, 0x04ba0000, 0x04ba0000)
  to   space 512K,   0% used [0x04ba0000, 0x04ba0000, 0x04c20000)
 tenured generation   total 10944K, used 734K [0x09c20000, 0x0a6d0000, 0x146d0000)
   the space 10944K,   6% used [0x09c20000, 0x09cd7b50, 0x09cd7c00, 0x0a6d0000)
 compacting perm gen  total 12288K, used 3288K [0x146d0000, 0x152d0000, 0x186d0000)
   the space 12288K,  26% used [0x146d0000, 0x14a06360, 0x14a06400, 0x152d0000)
No shared spaces configured.
}

