# JRE version: 7.0_17-b02
# Java VM: Java HotSpot(TM) Client VM (23.7-b01 mixed mode windows-x86 )
Heap
 def new generation   total 4928K, used 1869K [0x04f00000, 0x05450000, 0x0a450000)
  eden space 4416K,  30% used [0x04f00000, 0x05053408, 0x05350000)
  from space 512K, 100% used [0x05350000, 0x053d0000, 0x053d0000)
  to   space 512K,   0% used [0x053d0000, 0x053d0000, 0x05450000)
 tenured generation   total 10944K, used 769K [0x0a450000, 0x0af00000, 0x14f00000)
   the space 10944K,   7% used [0x0a450000, 0x0a510688, 0x0a510800, 0x0af00000)
 compacting perm gen  total 12288K, used 3448K [0x14f00000, 0x15b00000, 0x18f00000)
   the space 12288K,  28% used [0x14f00000, 0x1525e290, 0x1525e400, 0x15b00000)
GC Heap History (4 events):
Event: 0.405 GC heap before
{Heap before GC invocations=0 (full 0):
 def new generation   total 4928K, used 4416K [0x04f00000, 0x05450000, 0x0a450000)
  eden space 4416K, 100% used [0x04f00000, 0x05350000, 0x05350000)
  from space 512K,   0% used [0x05350000, 0x05350000, 0x053d0000)
  to   space 512K,   0% used [0x053d0000, 0x053d0000, 0x05450000)
 tenured generation   total 10944K, used 0K [0x0a450000, 0x0af00000, 0x14f00000)
   the space 10944K,   0% used [0x0a450000, 0x0a450000, 0x0a450200, 0x0af00000)
 compacting perm gen  total 12288K, used 2219K [0x14f00000, 0x15b00000, 0x18f00000)
   the space 12288K,  18% used [0x14f00000, 0x1512ae10, 0x1512b000, 0x15b00000)
No shared spaces configured.
Event: 0.407 GC heap after
Heap after GC invocations=1 (full 0):
 def new generation   total 4928K, used 512K [0x04f00000, 0x05450000, 0x0a450000)
  eden space 4416K,   0% used [0x04f00000, 0x04f00000, 0x05350000)
  from space 512K, 100% used [0x053d0000, 0x05450000, 0x05450000)
  to   space 512K,   0% used [0x05350000, 0x05350000, 0x053d0000)
 tenured generation   total 10944K, used 54K [0x0a450000, 0x0af00000, 0x14f00000)
   the space 10944K,   0% used [0x0a450000, 0x0a45da10, 0x0a45dc00, 0x0af00000)
 compacting perm gen  total 12288K, used 2219K [0x14f00000, 0x15b00000, 0x18f00000)
   the space 12288K,  18% used [0x14f00000, 0x1512ae10, 0x1512b000, 0x15b00000)
No shared spaces configured.
}
Event: 34.917 GC heap before
{Heap before GC invocations=1 (full 0):
 def new generation   total 4928K, used 4928K [0x04f00000, 0x05450000, 0x0a450000)
  eden space 4416K, 100% used [0x04f00000, 0x05350000, 0x05350000)
  from space 512K, 100% used [0x053d0000, 0x05450000, 0x05450000)
  to   space 512K,   0% used [0x05350000, 0x05350000, 0x053d0000)
 tenured generation   total 10944K, used 54K [0x0a450000, 0x0af00000, 0x14f00000)
   the space 10944K,   0% used [0x0a450000, 0x0a45da10, 0x0a45dc00, 0x0af00000)
 compacting perm gen  total 12288K, used 3301K [0x14f00000, 0x15b00000, 0x18f00000)
   the space 12288K,  26% used [0x14f00000, 0x152397b8, 0x15239800, 0x15b00000)
No shared spaces configured.
Event: 34.921 GC heap after
Heap after GC invocations=2 (full 0):
 def new generation   total 4928K, used 512K [0x04f00000, 0x05450000, 0x0a450000)
  eden space 4416K,   0% used [0x04f00000, 0x04f00000, 0x05350000)
  from space 512K, 100% used [0x05350000, 0x053d0000, 0x053d0000)
  to   space 512K,   0% used [0x053d0000, 0x053d0000, 0x05450000)
 tenured generation   total 10944K, used 769K [0x0a450000, 0x0af00000, 0x14f00000)
   the space 10944K,   7% used [0x0a450000, 0x0a510688, 0x0a510800, 0x0af00000)
 compacting perm gen  total 12288K, used 3301K [0x14f00000, 0x15b00000, 0x18f00000)
   the space 12288K,  26% used [0x14f00000, 0x152397b8, 0x15239800, 0x15b00000)
No shared spaces configured.
}

