# JRE version: 7.0_17-b02
# Java VM: Java HotSpot(TM) Client VM (23.7-b01 mixed mode windows-x86 )
Heap
 def new generation   total 4928K, used 1856K [0x045d0000, 0x04b20000, 0x09b20000)
  eden space 4416K,  30% used [0x045d0000, 0x04720208, 0x04a20000)
  from space 512K, 100% used [0x04a20000, 0x04aa0000, 0x04aa0000)
  to   space 512K,   0% used [0x04aa0000, 0x04aa0000, 0x04b20000)
 tenured generation   total 10944K, used 757K [0x09b20000, 0x0a5d0000, 0x145d0000)
   the space 10944K,   6% used [0x09b20000, 0x09bdd780, 0x09bdd800, 0x0a5d0000)
 compacting perm gen  total 12288K, used 3447K [0x145d0000, 0x151d0000, 0x185d0000)
   the space 12288K,  28% used [0x145d0000, 0x1492dee8, 0x1492e000, 0x151d0000)
GC Heap History (4 events):
Event: 0.550 GC heap before
{Heap before GC invocations=0 (full 0):
 def new generation   total 4928K, used 4416K [0x045d0000, 0x04b20000, 0x09b20000)
  eden space 4416K, 100% used [0x045d0000, 0x04a20000, 0x04a20000)
  from space 512K,   0% used [0x04a20000, 0x04a20000, 0x04aa0000)
  to   space 512K,   0% used [0x04aa0000, 0x04aa0000, 0x04b20000)
 tenured generation   total 10944K, used 0K [0x09b20000, 0x0a5d0000, 0x145d0000)
   the space 10944K,   0% used [0x09b20000, 0x09b20000, 0x09b20200, 0x0a5d0000)
 compacting perm gen  total 12288K, used 2219K [0x145d0000, 0x151d0000, 0x185d0000)
   the space 12288K,  18% used [0x145d0000, 0x147fae00, 0x147fae00, 0x151d0000)
No shared spaces configured.
Event: 0.552 GC heap after
Heap after GC invocations=1 (full 0):
 def new generation   total 4928K, used 512K [0x045d0000, 0x04b20000, 0x09b20000)
  eden space 4416K,   0% used [0x045d0000, 0x045d0000, 0x04a20000)
  from space 512K, 100% used [0x04aa0000, 0x04b20000, 0x04b20000)
  to   space 512K,   0% used [0x04a20000, 0x04a20000, 0x04aa0000)
 tenured generation   total 10944K, used 54K [0x09b20000, 0x0a5d0000, 0x145d0000)
   the space 10944K,   0% used [0x09b20000, 0x09b2d978, 0x09b2da00, 0x0a5d0000)
 compacting perm gen  total 12288K, used 2219K [0x145d0000, 0x151d0000, 0x185d0000)
   the space 12288K,  18% used [0x145d0000, 0x147fae00, 0x147fae00, 0x151d0000)
No shared spaces configured.
}
Event: 9.357 GC heap before
{Heap before GC invocations=1 (full 0):
 def new generation   total 4928K, used 4928K [0x045d0000, 0x04b20000, 0x09b20000)
  eden space 4416K, 100% used [0x045d0000, 0x04a20000, 0x04a20000)
  from space 512K, 100% used [0x04aa0000, 0x04b20000, 0x04b20000)
  to   space 512K,   0% used [0x04a20000, 0x04a20000, 0x04aa0000)
 tenured generation   total 10944K, used 54K [0x09b20000, 0x0a5d0000, 0x145d0000)
   the space 10944K,   0% used [0x09b20000, 0x09b2d978, 0x09b2da00, 0x0a5d0000)
 compacting perm gen  total 12288K, used 3301K [0x145d0000, 0x151d0000, 0x185d0000)
   the space 12288K,  26% used [0x145d0000, 0x14909410, 0x14909600, 0x151d0000)
No shared spaces configured.
Event: 9.360 GC heap after
Heap after GC invocations=2 (full 0):
 def new generation   total 4928K, used 512K [0x045d0000, 0x04b20000, 0x09b20000)
  eden space 4416K,   0% used [0x045d0000, 0x045d0000, 0x04a20000)
  from space 512K, 100% used [0x04a20000, 0x04aa0000, 0x04aa0000)
  to   space 512K,   0% used [0x04aa0000, 0x04aa0000, 0x04b20000)
 tenured generation   total 10944K, used 757K [0x09b20000, 0x0a5d0000, 0x145d0000)
   the space 10944K,   6% used [0x09b20000, 0x09bdd780, 0x09bdd800, 0x0a5d0000)
 compacting perm gen  total 12288K, used 3301K [0x145d0000, 0x151d0000, 0x185d0000)
   the space 12288K,  26% used [0x145d0000, 0x14909410, 0x14909600, 0x151d0000)
No shared spaces configured.
}

